<?xml version="1.0" encoding="UTF-8"?>
<testsuite name="XMLParserTest" tests="1" skipped="0" failures="0" errors="0" timestamp="2023-04-01T03:53:42" hostname="vcm-30653.vm.duke.edu" time="0.039">
  <properties/>
  <testcase name="testParseCreateXML" classname="XMLParserTest" time="0.039"/>
  <system-out><![CDATA[Account ID: 123457, Balance: 1000
Account ID: 123456, Balance: 1000
Symbol: USD
Symbol Account ID: 123456, NUM: 100
Symbol Account ID: 123457, NUM: 101
Symbol: CYN
Symbol Account ID: 123456, NUM: 100
]]></system-out>
  <system-err><![CDATA[]]></system-err>
</testsuite>
